<testsuites id="" name="" tests="15" failures="0" skipped="0" errors="0" time="39.4768">
<testsuite name="menu-integration.spec.ts" timestamp="2025-11-21T14:31:23.056Z" hostname="chromium" tests="15" failures="0" skipped="0" time="187.283" errors="0">
<testcase name="Menu Integration - Complete Navigation Tests › Your Work Menu - All Items" classname="menu-integration.spec.ts" time="12.981">
<system-out>
<![CDATA[Test: Your Work Menu
✅ Your Work menu items verified
]]>
</system-out>
</testcase>
<testcase name="Menu Integration - Complete Navigation Tests › Projects Menu - All Items" classname="menu-integration.spec.ts" time="12.671">
<system-out>
<![CDATA[Test: Projects Menu
✅ Projects menu items verified
]]>
</system-out>
</testcase>
<testcase name="Menu Integration - Complete Navigation Tests › Filters Menu - All Items" classname="menu-integration.spec.ts" time="12.157">
<system-out>
<![CDATA[Test: Filters Menu
✅ Filters menu items verified
]]>
</system-out>
</testcase>
<testcase name="Menu Integration - Complete Navigation Tests › Dashboards Menu - All Items" classname="menu-integration.spec.ts" time="12.454">
<system-out>
<![CDATA[Test: Dashboards Menu
✅ Dashboards menu items verified
]]>
</system-out>
</testcase>
<testcase name="Menu Integration - Complete Navigation Tests › People Menu - All Items" classname="menu-integration.spec.ts" time="13.135">
<system-out>
<![CDATA[Test: People Menu
✅ People menu items verified
]]>
</system-out>
</testcase>
<testcase name="Menu Integration - Complete Navigation Tests › Apps Menu - All Items" classname="menu-integration.spec.ts" time="11.244">
<system-out>
<![CDATA[Test: Apps Menu
✅ Apps menu items verified
]]>
</system-out>
</testcase>
<testcase name="Menu Integration - Complete Navigation Tests › Navigate: Your Work -&gt; View All Projects" classname="menu-integration.spec.ts" time="13.028">
<system-out>
<![CDATA[Test: Navigate to Projects from Your Work
✅ Navigation to projects successful
]]>
</system-out>
</testcase>
<testcase name="Menu Integration - Complete Navigation Tests › Navigate: Projects -&gt; Create Project" classname="menu-integration.spec.ts" time="13.31">
<system-out>
<![CDATA[Test: Navigate to Create Project
✅ Navigation to create project successful
]]>
</system-out>
</testcase>
<testcase name="Menu Integration - Complete Navigation Tests › Navigate: Filters -&gt; Advanced Search" classname="menu-integration.spec.ts" time="13.47">
<system-out>
<![CDATA[Test: Navigate to Advanced Search
✅ Navigation to advanced search successful
]]>
</system-out>
</testcase>
<testcase name="Menu Integration - Complete Navigation Tests › Navigate: Dashboards -&gt; Create Dashboard" classname="menu-integration.spec.ts" time="13.649">
<system-out>
<![CDATA[Test: Navigate to Create Dashboard
✅ Navigation to create dashboard successful
]]>
</system-out>
</testcase>
<testcase name="Menu Integration - Complete Navigation Tests › Navigate: People -&gt; View All People" classname="menu-integration.spec.ts" time="12.705">
<system-out>
<![CDATA[Test: Navigate to People Directory
✅ Navigation to people directory successful
]]>
</system-out>
</testcase>
<testcase name="Menu Integration - Complete Navigation Tests › Navigate: Apps -&gt; Explore Apps" classname="menu-integration.spec.ts" time="12.751">
<system-out>
<![CDATA[Test: Navigate to Apps Explore
✅ Navigation to apps explore successful
]]>
</system-out>
</testcase>
<testcase name="Menu Integration - Complete Navigation Tests › Create Button - Opens Modal" classname="menu-integration.spec.ts" time="11.233">
<system-out>
<![CDATA[Test: Create Button
✅ Create button clicked
]]>
</system-out>
</testcase>
<testcase name="Menu Integration - Complete Navigation Tests › Search Functionality" classname="menu-integration.spec.ts" time="11.183">
<system-out>
<![CDATA[Test: Search
✅ Search input working
]]>
</system-out>
</testcase>
<testcase name="Menu Integration - Complete Navigation Tests › Profile Menu - All Items" classname="menu-integration.spec.ts" time="11.312">
<system-out>
<![CDATA[Test: Profile Menu
✅ Profile menu items verified
]]>
</system-out>
</testcase>
</testsuite>
</testsuites>